C:\USERS\DANILO\DOCUMENTS\VISUAL STUDIO 2012\PROJECTS\ENCAPSULATION\ENCAPSULATION\DEBUG\MAINWND.OBJ
C:\USERS\DANILO\DOCUMENTS\VISUAL STUDIO 2012\PROJECTS\ENCAPSULATION\ENCAPSULATION\DEBUG\WINAPP.OBJ
C:\USERS\DANILO\DOCUMENTS\VISUAL STUDIO 2012\PROJECTS\ENCAPSULATION\ENCAPSULATION\DEBUG\VC110.PDB
C:\USERS\DANILO\DOCUMENTS\VISUAL STUDIO 2012\PROJECTS\ENCAPSULATION\ENCAPSULATION\DEBUG\WNDINICIAL.OBJ
C:\USERS\DANILO\DOCUMENTS\VISUAL STUDIO 2012\PROJECTS\ENCAPSULATION\ENCAPSULATION\DEBUG\WINDOW.OBJ
C:\USERS\DANILO\DOCUMENTS\VISUAL STUDIO 2012\PROJECTS\ENCAPSULATION\ENCAPSULATION\DEBUG\BASE.OBJ
C:\USERS\DANILO\DOCUMENTS\VISUAL STUDIO 2012\PROJECTS\ENCAPSULATION\DEBUG\ENCAPSULATION.ILK
C:\USERS\DANILO\DOCUMENTS\VISUAL STUDIO 2012\PROJECTS\ENCAPSULATION\DEBUG\ENCAPSULATION.EXE
C:\USERS\DANILO\DOCUMENTS\VISUAL STUDIO 2012\PROJECTS\ENCAPSULATION\DEBUG\ENCAPSULATION.PDB
C:\Users\Danilo\Documents\Visual Studio 2012\Projects\Encapsulation\Encapsulation\Debug\Base.obj
C:\Users\Danilo\Documents\Visual Studio 2012\Projects\Encapsulation\Encapsulation\Debug\MainWnd.obj
C:\Users\Danilo\Documents\Visual Studio 2012\Projects\Encapsulation\Encapsulation\Debug\WinApp.obj
C:\Users\Danilo\Documents\Visual Studio 2012\Projects\Encapsulation\Encapsulation\Debug\Window.obj
C:\Users\Danilo\Documents\Visual Studio 2012\Projects\Encapsulation\Encapsulation\Debug\WndInicial.obj
C:\Users\Danilo\Documents\Visual Studio 2012\Projects\Encapsulation\Encapsulation\Debug\cl.command.1.tlog
C:\Users\Danilo\Documents\Visual Studio 2012\Projects\Encapsulation\Encapsulation\Debug\CL.read.1.tlog
C:\Users\Danilo\Documents\Visual Studio 2012\Projects\Encapsulation\Encapsulation\Debug\CL.write.1.tlog
C:\Users\Danilo\Documents\Visual Studio 2012\Projects\Encapsulation\Encapsulation\Debug\link-cvtres.read.1.tlog
C:\Users\Danilo\Documents\Visual Studio 2012\Projects\Encapsulation\Encapsulation\Debug\link-cvtres.write.1.tlog
C:\Users\Danilo\Documents\Visual Studio 2012\Projects\Encapsulation\Encapsulation\Debug\link-rc.read.1.tlog
C:\Users\Danilo\Documents\Visual Studio 2012\Projects\Encapsulation\Encapsulation\Debug\link-rc.write.1.tlog
C:\Users\Danilo\Documents\Visual Studio 2012\Projects\Encapsulation\Encapsulation\Debug\link.3412-cvtres.read.1.tlog
C:\Users\Danilo\Documents\Visual Studio 2012\Projects\Encapsulation\Encapsulation\Debug\link.3412-cvtres.write.1.tlog
C:\Users\Danilo\Documents\Visual Studio 2012\Projects\Encapsulation\Encapsulation\Debug\link.3412-rc.read.1.tlog
C:\Users\Danilo\Documents\Visual Studio 2012\Projects\Encapsulation\Encapsulation\Debug\link.3412-rc.write.1.tlog
C:\Users\Danilo\Documents\Visual Studio 2012\Projects\Encapsulation\Encapsulation\Debug\link.3412.read.1.tlog
C:\Users\Danilo\Documents\Visual Studio 2012\Projects\Encapsulation\Encapsulation\Debug\link.3412.write.1.tlog
C:\Users\Danilo\Documents\Visual Studio 2012\Projects\Encapsulation\Encapsulation\Debug\link.command.1.tlog
C:\Users\Danilo\Documents\Visual Studio 2012\Projects\Encapsulation\Encapsulation\Debug\link.read.1.tlog
C:\Users\Danilo\Documents\Visual Studio 2012\Projects\Encapsulation\Encapsulation\Debug\link.write.1.tlog
C:\Users\Danilo\Documents\Visual Studio 2012\Projects\Encapsulation\Encapsulation\Debug\vc110.idb
C:\Users\Danilo\Documents\Visual Studio 2012\Projects\Encapsulation\Encapsulation\Debug\vc110.pdb
C:\Users\Danilo\Documents\Visual Studio 2012\Projects\Encapsulation\Debug\Encapsulation.pdb
